<?xml version="1.0" encoding="UTF-8"?>
<!-- Generated by org.testng.reporters.JUnitReportReporter -->
<testsuite hostname="DESKTOP-M39P74M" failures="0" tests="1" name="testCase.TC004_SearchProduct" time="0.778" errors="0" timestamp="2024-11-18T19:33:13 PKT" skipped="0">
  <testcase classname="testCase.TC004_SearchProduct" name="searchproduct" time="0.778"/>
</testsuite> <!-- testCase.TC004_SearchProduct -->
