<?xml version="1.0" encoding="UTF-8"?>
<!-- Generated by org.testng.reporters.JUnitReportReporter -->
<testsuite hostname="DESKTOP-M39P74M" failures="0" tests="1" name="testCase.TC006_forgetpassword" time="20.472" errors="0" timestamp="2024-12-17T11:18:27 PKT" skipped="0">
  <testcase classname="testCase.TC006_forgetpassword" name="forgetpassword" time="20.472"/>
</testsuite> <!-- testCase.TC006_forgetpassword -->
