<?xml version="1.0" encoding="UTF-8"?>
<!-- Generated by org.testng.reporters.JUnitReportReporter -->
<testsuite hostname="DESKTOP-M39P74M" failures="0" tests="1" name="testCase.TC008_Addtocart" time="1.608" errors="0" timestamp="2025-01-13T16:54:01 PKT" skipped="0">
  <testcase classname="testCase.TC008_Addtocart" name="testaddtocart" time="1.608"/>
</testsuite> <!-- testCase.TC008_Addtocart -->
