<?xml version="1.0" encoding="UTF-8"?>
<!-- Generated by org.testng.reporters.JUnitReportReporter -->
<testsuite hostname="DESKTOP-M39P74M" failures="0" tests="1" name="testCase.TC007_wishlist" time="2.351" errors="0" timestamp="2024-12-25T11:40:27 PKT" skipped="0">
  <testcase classname="testCase.TC007_wishlist" name="checkwishlist" time="2.351"/>
</testsuite> <!-- testCase.TC007_wishlist -->
