<?xml version="1.0" encoding="UTF-8"?>
<!-- Generated by org.testng.reporters.JUnitReportReporter -->
<testsuite hostname="DESKTOP-M39P74M" failures="0" tests="4" name="testCase.TC_005_SearchProductDataDriven" time="4.396" errors="0" timestamp="2024-11-19T20:14:28 PKT" skipped="0">
  <testcase classname="testCase.TC_005_SearchProductDataDriven" name="searchprodcutexcel" time="1.099"/>
  <testcase classname="testCase.TC_005_SearchProductDataDriven" name="searchprodcutexcel" time="1.074"/>
  <testcase classname="testCase.TC_005_SearchProductDataDriven" name="searchprodcutexcel" time="1.157"/>
  <testcase classname="testCase.TC_005_SearchProductDataDriven" name="searchprodcutexcel" time="1.066"/>
</testsuite> <!-- testCase.TC_005_SearchProductDataDriven -->
