<?xml version="1.0" encoding="UTF-8"?>
<!-- Generated by org.testng.reporters.JUnitReportReporter -->
<testsuite hostname="DESKTOP-M39P74M" failures="0" tests="1" name="testCase.TC002_LoginTest" time="1.979" errors="0" timestamp="2024-11-08T10:13:52 PKT" skipped="0">
  <testcase classname="testCase.TC002_LoginTest" name="verify_login" time="1.979"/>
</testsuite> <!-- testCase.TC002_LoginTest -->
